# JRE version: OpenJDK Runtime Environment (11.0.8+10) (build 11.0.8+10-b944.6842174)
# Java VM: OpenJDK 64-Bit Server VM (11.0.8+10-b944.6842174, mixed mode, tiered, compressed oops, g1 gc, windows-amd64)
Heap:
 garbage-first heap   total 189440K, used 53522K [0x0000000080000000, 0x0000000100000000)
  region size 1024K, 9 young (9216K), 9 survivors (9216K)
 Metaspace       used 64471K, capacity 65978K, committed 66296K, reserved 1105920K
  class space    used 8357K, capacity 8891K, committed 8960K, reserved 1048576K
GC Heap History (20 events):
Event: 0.724 GC heap after
{Heap after GC invocations=1 (full 0):
 garbage-first heap   total 131072K, used 8562K [0x0000000080000000, 0x0000000100000000)
  region size 1024K, 3 young (3072K), 3 survivors (3072K)
 Metaspace       used 10687K, capacity 10890K, committed 11008K, reserved 1058816K
  class space    used 1131K, capacity 1202K, committed 1280K, reserved 1048576K
}
Event: 1.815 GC heap before
{Heap before GC invocations=1 (full 0):
 garbage-first heap   total 131072K, used 82290K [0x0000000080000000, 0x0000000100000000)
  region size 1024K, 76 young (77824K), 3 survivors (3072K)
 Metaspace       used 18972K, capacity 19357K, committed 19712K, reserved 1067008K
  class space    used 2297K, capacity 2434K, committed 2560K, reserved 1048576K
}
Event: 1.821 GC heap after
{Heap after GC invocations=2 (full 0):
 garbage-first heap   total 131072K, used 15646K [0x0000000080000000, 0x0000000100000000)
  region size 1024K, 10 young (10240K), 10 survivors (10240K)
 Metaspace       used 18972K, capacity 19357K, committed 19712K, reserved 1067008K
  class space    used 2297K, capacity 2434K, committed 2560K, reserved 1048576K
}
Event: 1.920 GC heap before
{Heap before GC invocations=2 (full 0):
 garbage-first heap   total 131072K, used 24862K [0x0000000080000000, 0x0000000100000000)
  region size 1024K, 20 young (20480K), 10 survivors (10240K)
 Metaspace       used 20591K, capacity 21092K, committed 21248K, reserved 1067008K
  class space    used 2522K, capacity 2719K, committed 2816K, reserved 1048576K
}
Event: 1.926 GC heap after
{Heap after GC invocations=3 (full 0):
 garbage-first heap   total 131072K, used 16149K [0x0000000080000000, 0x0000000100000000)
  region size 1024K, 1 young (1024K), 1 survivors (1024K)
 Metaspace       used 20591K, capacity 21092K, committed 21248K, reserved 1067008K
  class space    used 2522K, capacity 2719K, committed 2816K, reserved 1048576K
}
Event: 2.452 GC heap before
{Heap before GC invocations=4 (full 0):
 garbage-first heap   total 131072K, used 69397K [0x0000000080000000, 0x0000000100000000)
  region size 1024K, 48 young (49152K), 1 survivors (1024K)
 Metaspace       used 25982K, capacity 26763K, committed 27008K, reserved 1073152K
  class space    used 3384K, capacity 3645K, committed 3712K, reserved 1048576K
}
Event: 2.455 GC heap after
{Heap after GC invocations=5 (full 0):
 garbage-first heap   total 131072K, used 23680K [0x0000000080000000, 0x0000000100000000)
  region size 1024K, 4 young (4096K), 4 survivors (4096K)
 Metaspace       used 25982K, capacity 26763K, committed 27008K, reserved 1073152K
  class space    used 3384K, capacity 3645K, committed 3712K, reserved 1048576K
}
Event: 3.067 GC heap before
{Heap before GC invocations=5 (full 0):
 garbage-first heap   total 131072K, used 73856K [0x0000000080000000, 0x0000000100000000)
  region size 1024K, 53 young (54272K), 4 survivors (4096K)
 Metaspace       used 34385K, capacity 35187K, committed 35328K, reserved 1079296K
  class space    used 4455K, capacity 4772K, committed 4864K, reserved 1048576K
}
Event: 3.073 GC heap after
{Heap after GC invocations=6 (full 0):
 garbage-first heap   total 131072K, used 26893K [0x0000000080000000, 0x0000000100000000)
  region size 1024K, 7 young (7168K), 7 survivors (7168K)
 Metaspace       used 34385K, capacity 35187K, committed 35328K, reserved 1079296K
  class space    used 4455K, capacity 4772K, committed 4864K, reserved 1048576K
}
Event: 3.114 GC heap before
{Heap before GC invocations=6 (full 0):
 garbage-first heap   total 131072K, used 29965K [0x0000000080000000, 0x0000000100000000)
  region size 1024K, 11 young (11264K), 7 survivors (7168K)
 Metaspace       used 34973K, capacity 35796K, committed 35840K, reserved 1081344K
  class space    used 4553K, capacity 4848K, committed 4864K, reserved 1048576K
}
Event: 3.120 GC heap after
{Heap after GC invocations=7 (full 0):
 garbage-first heap   total 131072K, used 27204K [0x0000000080000000, 0x0000000100000000)
  region size 1024K, 4 young (4096K), 4 survivors (4096K)
 Metaspace       used 34973K, capacity 35796K, committed 35840K, reserved 1081344K
  class space    used 4553K, capacity 4848K, committed 4864K, reserved 1048576K
}
Event: 3.648 GC heap before
{Heap before GC invocations=8 (full 0):
 garbage-first heap   total 131072K, used 87620K [0x0000000080000000, 0x0000000100000000)
  region size 1024K, 60 young (61440K), 4 survivors (4096K)
 Metaspace       used 40590K, capacity 41512K, committed 41728K, reserved 1085440K
  class space    used 5194K, capacity 5515K, committed 5632K, reserved 1048576K
}
Event: 3.655 GC heap after
{Heap after GC invocations=9 (full 0):
 garbage-first heap   total 157696K, used 30150K [0x0000000080000000, 0x0000000100000000)
  region size 1024K, 7 young (7168K), 7 survivors (7168K)
 Metaspace       used 40590K, capacity 41512K, committed 41728K, reserved 1085440K
  class space    used 5194K, capacity 5515K, committed 5632K, reserved 1048576K
}
Event: 4.504 GC heap before
{Heap before GC invocations=9 (full 0):
 garbage-first heap   total 157696K, used 105926K [0x0000000080000000, 0x0000000100000000)
  region size 1024K, 79 young (80896K), 7 survivors (7168K)
 Metaspace       used 44251K, capacity 45389K, committed 45568K, reserved 1089536K
  class space    used 5672K, capacity 6104K, committed 6144K, reserved 1048576K
}
Event: 4.511 GC heap after
{Heap after GC invocations=10 (full 0):
 garbage-first heap   total 157696K, used 40157K [0x0000000080000000, 0x0000000100000000)
  region size 1024K, 10 young (10240K), 10 survivors (10240K)
 Metaspace       used 44251K, capacity 45389K, committed 45568K, reserved 1089536K
  class space    used 5672K, capacity 6104K, committed 6144K, reserved 1048576K
}
Event: 5.817 GC heap before
{Heap before GC invocations=10 (full 0):
 garbage-first heap   total 157696K, used 109789K [0x0000000080000000, 0x0000000100000000)
  region size 1024K, 78 young (79872K), 10 survivors (10240K)
 Metaspace       used 53911K, capacity 55217K, committed 55552K, reserved 1097728K
  class space    used 6876K, capacity 7330K, committed 7424K, reserved 1048576K
}
Event: 5.830 GC heap after
{Heap after GC invocations=11 (full 0):
 garbage-first heap   total 157696K, used 45466K [0x0000000080000000, 0x0000000100000000)
  region size 1024K, 5 young (5120K), 5 survivors (5120K)
 Metaspace       used 53911K, capacity 55217K, committed 55552K, reserved 1097728K
  class space    used 6876K, capacity 7330K, committed 7424K, reserved 1048576K
}
Event: 6.301 GC heap before
{Heap before GC invocations=11 (full 0):
 garbage-first heap   total 157696K, used 89498K [0x0000000080000000, 0x0000000100000000)
  region size 1024K, 49 young (50176K), 5 survivors (5120K)
 Metaspace       used 58413K, capacity 59863K, committed 59904K, reserved 1101824K
  class space    used 7395K, capacity 7908K, committed 7936K, reserved 1048576K
}
Event: 6.311 GC heap after
{Heap after GC invocations=12 (full 0):
 garbage-first heap   total 157696K, used 48928K [0x0000000080000000, 0x0000000100000000)
  region size 1024K, 8 young (8192K), 8 survivors (8192K)
 Metaspace       used 58413K, capacity 59863K, committed 59904K, reserved 1101824K
  class space    used 7395K, capacity 7908K, committed 7936K, reserved 1048576K
}
Event: 7.087 GC heap before
{Heap before GC invocations=13 (full 0):
 garbage-first heap   total 157696K, used 116512K [0x0000000080000000, 0x0000000100000000)
  region size 1024K, 74 young (75776K), 8 survivors (8192K)
 Metaspace       used 64471K, capacity 65978K, committed 66296K, reserved 1105920K
  class space    used 8357K, capacity 8891K, committed 8960K, reserved 1048576K
}

